<?xml version="1.0" encoding="UTF-8"?>
<testsuite name="ru.hse.egorov.command.CatCommandTest" tests="4" skipped="0" failures="0" errors="0" timestamp="2019-02-05T19:57:20" hostname="vladimir" time="0.031">
  <properties/>
  <testcase name="testTwoFiles()" classname="ru.hse.egorov.command.CatCommandTest" time="0.024"/>
  <testcase name="testOneFile()" classname="ru.hse.egorov.command.CatCommandTest" time="0.002"/>
  <testcase name="testNoSuchFile()" classname="ru.hse.egorov.command.CatCommandTest" time="0.001"/>
  <testcase name="testPreviousResult()" classname="ru.hse.egorov.command.CatCommandTest" time="0.002"/>
  <system-out><![CDATA[]]></system-out>
  <system-err><![CDATA[]]></system-err>
</testsuite>
