<?xml version="1.0" encoding="UTF-8"?>
<testsuite name="ru.hse.egorov.command.AssignCommandTest" tests="2" skipped="0" failures="0" errors="0" timestamp="2019-02-05T19:57:20" hostname="vladimir" time="0.048">
  <properties/>
  <testcase name="testReassignValue()" classname="ru.hse.egorov.command.AssignCommandTest" time="0.046"/>
  <testcase name="testAssignValue()" classname="ru.hse.egorov.command.AssignCommandTest" time="0.001"/>
  <system-out><![CDATA[]]></system-out>
  <system-err><![CDATA[]]></system-err>
</testsuite>
