<?xml version="1.0" encoding="UTF-8"?>
<testsuite name="ru.hse.egorov.interpreter.CommandInterpreterTest" tests="4" skipped="0" failures="0" errors="0" timestamp="2019-02-05T19:57:20" hostname="vladimir" time="0.013">
  <properties/>
  <testcase name="testTwoCommandsWithStringCommands()" classname="ru.hse.egorov.interpreter.CommandInterpreterTest" time="0.009"/>
  <testcase name="testThreeCommands()" classname="ru.hse.egorov.interpreter.CommandInterpreterTest" time="0.001"/>
  <testcase name="testOneCommand()" classname="ru.hse.egorov.interpreter.CommandInterpreterTest" time="0.001"/>
  <testcase name="testStringCommands()" classname="ru.hse.egorov.interpreter.CommandInterpreterTest" time="0.0"/>
  <system-out><![CDATA[]]></system-out>
  <system-err><![CDATA[]]></system-err>
</testsuite>
