<?xml version="1.0" encoding="UTF-8"?>
<testsuite name="ru.hse.egorov.command.EchoCommandTest" tests="2" skipped="0" failures="0" errors="0" timestamp="2019-02-05T19:57:20" hostname="vladimir" time="0.006">
  <properties/>
  <testcase name="testNoArguments()" classname="ru.hse.egorov.command.EchoCommandTest" time="0.003"/>
  <testcase name="testTwoArguments()" classname="ru.hse.egorov.command.EchoCommandTest" time="0.002"/>
  <system-out><![CDATA[]]></system-out>
  <system-err><![CDATA[]]></system-err>
</testsuite>
