<?xml version="1.0" encoding="UTF-8"?>
<testsuite name="ru.hse.egorov.MainTest" tests="1" skipped="0" failures="0" errors="0" timestamp="2019-02-05T19:57:20" hostname="vladimir" time="0.008">
  <properties/>
  <testcase name="testComplex()" classname="ru.hse.egorov.MainTest" time="0.008"/>
  <system-out><![CDATA[]]></system-out>
  <system-err><![CDATA[]]></system-err>
</testsuite>
