<?xml version="1.0" encoding="UTF-8"?>
<testsuite name="ru.hse.egorov.environment.EnvironmentTest" tests="3" skipped="0" failures="0" errors="0" timestamp="2019-02-05T19:57:20" hostname="vladimir" time="0.005">
  <properties/>
  <testcase name="testNoSuchKey()" classname="ru.hse.egorov.environment.EnvironmentTest" time="0.001"/>
  <testcase name="testReassignKey()" classname="ru.hse.egorov.environment.EnvironmentTest" time="0.001"/>
  <testcase name="testAssignKey()" classname="ru.hse.egorov.environment.EnvironmentTest" time="0.001"/>
  <system-out><![CDATA[]]></system-out>
  <system-err><![CDATA[]]></system-err>
</testsuite>
